<?xml version="1.0" encoding="UTF-8" standalone="yes"?><!DOCTYPE report PUBLIC "-//JACOCO//DTD Report 1.1//EN" "report.dtd"><report name="roman-number"><sessioninfo id="fv-az1695-992-9e5cd352" start="1746796987102" dump="1746796987632"/><sessioninfo id="fv-az1695-992-e8207d4a" start="1746796991412" dump="1746796991954"/><package name="it/unipd/mtss"><class name="it/unipd/mtss/IntegerToRoman" sourcefilename="IntegerToRoman.java"><method name="&lt;init&gt;" desc="()V" line="7"><counter type="INSTRUCTION" missed="3" covered="0"/><counter type="LINE" missed="1" covered="0"/><counter type="COMPLEXITY" missed="1" covered="0"/><counter type="METHOD" missed="1" covered="0"/></method><method name="convert" desc="(I)Ljava/lang/String;" line="10"><counter type="INSTRUCTION" missed="0" covered="163"/><counter type="BRANCH" missed="0" covered="8"/><counter type="LINE" missed="0" covered="10"/><counter type="COMPLEXITY" missed="0" covered="5"/><counter type="METHOD" missed="0" covered="1"/></method><counter type="INSTRUCTION" missed="3" covered="163"/><counter type="BRANCH" missed="0" covered="8"/><counter type="LINE" missed="1" covered="10"/><counter type="COMPLEXITY" missed="1" covered="5"/><counter type="METHOD" missed="1" covered="1"/><counter type="CLASS" missed="0" covered="1"/></class><class name="it/unipd/mtss/RomanPrinter" sourcefilename="RomanPrinter.java"><method name="&lt;init&gt;" desc="()V" line="7"><counter type="INSTRUCTION" missed="3" covered="0"/><counter type="LINE" missed="1" covered="0"/><counter type="COMPLEXITY" missed="1" covered="0"/><counter type="METHOD" missed="1" covered="0"/></method><method name="print" desc="(I)Ljava/lang/String;" line="9"><counter type="INSTRUCTION" missed="0" covered="4"/><counter type="LINE" missed="0" covered="1"/><counter type="COMPLEXITY" missed="0" covered="1"/><counter type="METHOD" missed="0" covered="1"/></method><method name="printAsciiArt" desc="(Ljava/lang/String;)Ljava/lang/String;" line="12"><counter type="INSTRUCTION" missed="0" covered="246"/><counter type="BRANCH" missed="0" covered="4"/><counter type="LINE" missed="0" covered="7"/><counter type="COMPLEXITY" missed="0" covered="3"/><counter type="METHOD" missed="0" covered="1"/></method><counter type="INSTRUCTION" missed="3" covered="250"/><counter type="BRANCH" missed="0" covered="4"/><counter type="LINE" missed="1" covered="8"/><counter type="COMPLEXITY" missed="1" covered="4"/><counter type="METHOD" missed="1" covered="2"/><counter type="CLASS" missed="0" covered="1"/></class><sourcefile name="RomanPrinter.java"><line nr="7" mi="3" ci="0" mb="0" cb="0"/><line nr="9" mi="0" ci="4" mb="0" cb="0"/><line nr="12" mi="0" ci="4" mb="0" cb="0"/><line nr="14" mi="0" ci="201" mb="0" cb="0"/><line nr="76" mi="0" ci="7" mb="0" cb="2"/><line nr="77" mi="0" ci="17" mb="0" cb="2"/><line nr="78" mi="0" ci="10" mb="0" cb="0"/><line nr="80" mi="0" ci="4" mb="0" cb="0"/><line nr="82" mi="0" ci="3" mb="0" cb="0"/><counter type="INSTRUCTION" missed="3" covered="250"/><counter type="BRANCH" missed="0" covered="4"/><counter type="LINE" missed="1" covered="8"/><counter type="COMPLEXITY" missed="1" covered="4"/><counter type="METHOD" missed="1" covered="2"/><counter type="CLASS" missed="0" covered="1"/></sourcefile><sourcefile name="IntegerToRoman.java"><line nr="7" mi="3" ci="0" mb="0" cb="0"/><line nr="10" mi="0" ci="6" mb="0" cb="4"/><line nr="11" mi="0" ci="14" mb="0" cb="0"/><line nr="14" mi="0" ci="55" mb="0" cb="0"/><line nr="15" mi="0" ci="55" mb="0" cb="0"/><line nr="17" mi="0" ci="4" mb="0" cb="0"/><line nr="19" mi="0" ci="8" mb="0" cb="2"/><line nr="20" mi="0" ci="5" mb="0" cb="2"/><line nr="21" mi="0" ci="6" mb="0" cb="0"/><line nr="22" mi="0" ci="7" mb="0" cb="0"/><line nr="25" mi="0" ci="3" mb="0" cb="0"/><counter type="INSTRUCTION" missed="3" covered="163"/><counter type="BRANCH" missed="0" covered="8"/><counter type="LINE" missed="1" covered="10"/><counter type="COMPLEXITY" missed="1" covered="5"/><counter type="METHOD" missed="1" covered="1"/><counter type="CLASS" missed="0" covered="1"/></sourcefile><counter type="INSTRUCTION" missed="6" covered="413"/><counter type="BRANCH" missed="0" covered="12"/><counter type="LINE" missed="2" covered="18"/><counter type="COMPLEXITY" missed="2" covered="9"/><counter type="METHOD" missed="2" covered="3"/><counter type="CLASS" missed="0" covered="2"/></package><counter type="INSTRUCTION" missed="6" covered="413"/><counter type="BRANCH" missed="0" covered="12"/><counter type="LINE" missed="2" covered="18"/><counter type="COMPLEXITY" missed="2" covered="9"/><counter type="METHOD" missed="2" covered="3"/><counter type="CLASS" missed="0" covered="2"/></report>